<?xml version="1.0" encoding="UTF-8"?>
<!-- Generated by org.testng.reporters.JUnitReportReporter -->
<testsuite hostname="DESKTOP-LPAROPE" failures="0" tests="1" name="tests.Demotest" time="25.613" errors="0" timestamp="2025-06-20T16:05:20 GST" skipped="0">
  <testcase classname="tests.Demotest" name="DemoFormRegistration" time="25.613"/>
</testsuite> <!-- tests.Demotest -->
