<?xml version="1.0" encoding="UTF-8"?>
<!-- Generated by org.testng.reporters.JUnitReportReporter -->
<testsuite hostname="DESKTOP-LPAROPE" failures="0" tests="1" name="tests.LoginTest" time="11.267" errors="0" timestamp="2025-06-19T15:22:37 GST" skipped="0">
  <testcase classname="tests.LoginTest" name="testValidLogin" time="11.267"/>
</testsuite> <!-- tests.LoginTest -->
