<?xml version="1.0" encoding="UTF-8"?>
<!-- Generated by org.testng.reporters.JUnitReportReporter -->
<testsuite hostname="DESKTOP-LPAROPE" failures="0" tests="1" name="tests.RegstPersonalAccount" time="56.063" errors="0" timestamp="2025-06-22T14:42:14 GST" skipped="0">
  <testcase classname="tests.RegstPersonalAccount" name="RegstPersonalAccountNewUser" time="56.063"/>
</testsuite> <!-- tests.RegstPersonalAccount -->
